1669125589 : Accept|0|exp: 1-5 years
1669125589 : Timer: 0:22.11.2022 14:59:51
1669125728 : Accept|1|exp: 1-5 years
1669125728 : Timer: 0:22.11.2022 15:02:10
1669125728 : Timer: 1:22.11.2022 15:02:20
1669125728 : 1|1|K146|3 stars|fgweg
1669125728 : Timer: 2:22.11.2022 15:02:30
1669125728 : 1|2|K563|4 stars|<zdaS
1669125728 : Timer: 3:22.11.2022 15:02:37
1669125728 : 1|3|K358|3 stars|<zACASC
1669366504 : Accept|0|exp: 1-5 years
1669366504 : Timer: 3:25.11.2022 09:55:07
1669366504 : 0|3| | | 
1669366552 : Accept|1|exp:more than 5 years
1669366552 : Timer: 0:25.11.2022 09:55:54
1669366552 : Timer: 1:25.11.2022 09:57:38
1669366552 : 1|1| | | 
1669366552 : Timer: 2:25.11.2022 09:58:55
1669366552 : 1|2| | | 
1669366552 : Timer: 3:25.11.2022 09:59:49
1669366552 : 1|3| | | 
1669366804 : Accept|0|exp:more than 5 years
1669366804 : Timer: 3:25.11.2022 10:00:06
1669366804 : 0|3| | | 
1669366921 : Accept|1|missing
1669366921 : Timer: 3:25.11.2022 10:02:06
1669366921 : 1|3| | | 
1669366921 : Timer: 3:25.11.2022 10:03:10
1669366921 : 1|3| | | 
1669367423 : Accept|0|exp:more than 5 years
1669367423 : Timer: 0:25.11.2022 10:10:26
1669367423 : Timer: 1:25.11.2022 10:10:39
1669367423 : 0|1| | |acasc
1669367423 : Timer: 2:25.11.2022 10:10:43
1669367423 : 0|2| | |ADAS
1669367423 : Timer: 3:25.11.2022 10:10:49
1669367423 : 0|3| | |<ZCAS
1669367513 : Accept|1|exp:more than 5 years
1669367513 : Timer: 0:25.11.2022 10:11:55
